<?xml version="1.0" encoding="UTF-8"?>
<!-- Generated by org.testng.reporters.JUnitReportReporter -->
<testsuite skipped="0" hostname="user" name="pkg1.Calculator" tests="4" failures="0" timestamp="2020-07-02T10:44:58 IST" time="0.069" errors="0">
  <testcase name="welcome" time="0.013" classname="pkg1.Calculator"/>
  <system-out/>
  <testcase name="add" time="0.012" classname="pkg1.Calculator"/>
  <system-out/>
  <testcase name="mul" time="0.023" classname="pkg1.Calculator"/>
  <system-out/>
  <testcase name="sub" time="0.021" classname="pkg1.Calculator"/>
  <system-out/>
</testsuite> <!-- pkg1.Calculator -->
